{"/Users/mmdb/dev/code/src/github.com/nickmakes/mtbw/sdk/js/src/client.ts": {"path":"/Users/mmdb/dev/code/src/github.com/nickmakes/mtbw/sdk/js/src/client.ts","statementMap":{"0":{"start":{"line":1,"column":0},"end":{"line":1,"column":87}},"1":{"start":{"line":2,"column":0},"end":{"line":2,"column":65}},"2":{"start":{"line":4,"column":0},"end":{"line":15,"column":0}},"3":{"start":{"line":6,"column":4},"end":{"line":9,"column":6}},"4":{"start":{"line":12,"column":7},"end":{"line":14,"column":3}},"5":{"start":{"line":13,"column":4},"end":{"line":13,"column":74}},"6":{"start":{"line":15,"column":0},"end":{"line":15,"column":1}},"7":{"start":{"line":4,"column":13},"end":{"line":4,"column":30}}},"fnMap":{"0":{"name":"(anonymous_0)","decl":{"start":{"line":4,"column":0},"end":{"line":null,"column":-1}},"loc":{"start":{"line":4,"column":0},"end":{"line":4,"column":-1}}},"1":{"name":"MtbwClientFactory","decl":{"start":{"line":5,"column":2},"end":{"line":null,"column":-1}},"loc":{"start":{"line":5,"column":2},"end":{"line":10,"column":3}}},"2":{"name":"(anonymous_2)","decl":{"start":{"line":12,"column":0},"end":{"line":12,"column":13}},"loc":{"start":{"line":12,"column":62},"end":{"line":14,"column":3}}}},"branchMap":{},"s":{"0":3,"1":3,"2":3,"3":1,"4":3,"5":12,"6":3,"7":3},"f":{"0":3,"1":1,"2":12},"b":{}}
,"/Users/mmdb/dev/code/src/github.com/nickmakes/mtbw/sdk/js/src/index.ts": {"path":"/Users/mmdb/dev/code/src/github.com/nickmakes/mtbw/sdk/js/src/index.ts","statementMap":{"0":{"start":{"line":1,"column":0},"end":{"line":1,"column":25}},"1":{"start":{"line":2,"column":0},"end":{"line":2,"column":24}}},"fnMap":{},"branchMap":{},"s":{"0":3,"1":3},"f":{},"b":{}}
,"/Users/mmdb/dev/code/src/github.com/nickmakes/mtbw/sdk/js/src/types/api.ts": {"path":"/Users/mmdb/dev/code/src/github.com/nickmakes/mtbw/sdk/js/src/types/api.ts","statementMap":{"0":{"start":{"line":1,"column":0},"end":{"line":1,"column":72}},"1":{"start":{"line":8,"column":16},"end":{"line":8,"column":87}},"2":{"start":{"line":8,"column":17},"end":{"line":8,"column":31}},"3":{"start":{"line":8,"column":36},"end":{"line":8,"column":87}},"4":{"start":{"line":10,"column":13},"end":{"line":49,"column":3}},"5":{"start":{"line":10,"column":51},"end":{"line":49,"column":2}},"6":{"start":{"line":12,"column":23},"end":{"line":12,"column":30}},"7":{"start":{"line":13,"column":6},"end":{"line":28,"column":8}},"8":{"start":{"line":14,"column":20},"end":{"line":14,"column":57}},"9":{"start":{"line":15,"column":21},"end":{"line":15,"column":69}},"10":{"start":{"line":17,"column":12},"end":{"line":17,"column":78}},"11":{"start":{"line":18,"column":21},"end":{"line":18,"column":59}},"12":{"start":{"line":20,"column":29},"end":{"line":20,"column":45}},"13":{"start":{"line":21,"column":10},"end":{"line":26,"column":12}},"14":{"start":{"line":22,"column":23},"end":{"line":22,"column":61}},"15":{"start":{"line":23,"column":25},"end":{"line":23,"column":77}},"16":{"start":{"line":24,"column":36},"end":{"line":24,"column":100}},"17":{"start":{"line":25,"column":26},"end":{"line":25,"column":67}},"18":{"start":{"line":31,"column":25},"end":{"line":31,"column":34}},"19":{"start":{"line":32,"column":6},"end":{"line":47,"column":8}},"20":{"start":{"line":33,"column":20},"end":{"line":33,"column":61}},"21":{"start":{"line":34,"column":21},"end":{"line":34,"column":71}},"22":{"start":{"line":36,"column":12},"end":{"line":36,"column":82}},"23":{"start":{"line":37,"column":21},"end":{"line":37,"column":61}},"24":{"start":{"line":39,"column":31},"end":{"line":39,"column":49}},"25":{"start":{"line":40,"column":10},"end":{"line":45,"column":12}},"26":{"start":{"line":41,"column":23},"end":{"line":41,"column":65}},"27":{"start":{"line":42,"column":25},"end":{"line":42,"column":79}},"28":{"start":{"line":43,"column":38},"end":{"line":43,"column":106}},"29":{"start":{"line":44,"column":26},"end":{"line":44,"column":69}}},"fnMap":{"0":{"name":"(anonymous_0)","decl":{"start":{"line":8,"column":16},"end":{"line":8,"column":16}},"loc":{"start":{"line":8,"column":31},"end":{"line":8,"column":87}}},"1":{"name":"(anonymous_1)","decl":{"start":{"line":10,"column":27},"end":{"line":10,"column":27}},"loc":{"start":{"line":10,"column":46},"end":{"line":49,"column":2}}},"2":{"name":"(anonymous_2)","decl":{"start":{"line":11,"column":11},"end":{"line":null,"column":-1}},"loc":{"start":{"line":11,"column":11},"end":{"line":29,"column":5}}},"3":{"name":"(anonymous_3)","decl":{"start":{"line":14,"column":14},"end":{"line":14,"column":19}},"loc":{"start":{"line":14,"column":14},"end":{"line":14,"column":57}}},"4":{"name":"(anonymous_4)","decl":{"start":{"line":15,"column":15},"end":{"line":15,"column":20}},"loc":{"start":{"line":15,"column":15},"end":{"line":15,"column":69}}},"5":{"name":"(anonymous_5)","decl":{"start":{"line":16,"column":16},"end":{"line":16,"column":16}},"loc":{"start":{"line":16,"column":27},"end":{"line":17,"column":78}}},"6":{"name":"(anonymous_6)","decl":{"start":{"line":18,"column":15},"end":{"line":18,"column":20}},"loc":{"start":{"line":18,"column":15},"end":{"line":18,"column":59}}},"7":{"name":"(anonymous_7)","decl":{"start":{"line":19,"column":14},"end":{"line":19,"column":14}},"loc":{"start":{"line":19,"column":25},"end":{"line":27,"column":9}}},"8":{"name":"(anonymous_8)","decl":{"start":{"line":22,"column":17},"end":{"line":22,"column":22}},"loc":{"start":{"line":22,"column":17},"end":{"line":22,"column":61}}},"9":{"name":"(anonymous_9)","decl":{"start":{"line":23,"column":19},"end":{"line":23,"column":24}},"loc":{"start":{"line":23,"column":19},"end":{"line":23,"column":77}}},"10":{"name":"(anonymous_10)","decl":{"start":{"line":24,"column":20},"end":{"line":24,"column":20}},"loc":{"start":{"line":24,"column":31},"end":{"line":24,"column":100}}},"11":{"name":"(anonymous_11)","decl":{"start":{"line":25,"column":20},"end":{"line":25,"column":25}},"loc":{"start":{"line":25,"column":20},"end":{"line":25,"column":67}}},"12":{"name":"(anonymous_12)","decl":{"start":{"line":30,"column":13},"end":{"line":null,"column":-1}},"loc":{"start":{"line":30,"column":13},"end":{"line":48,"column":5}}},"13":{"name":"(anonymous_13)","decl":{"start":{"line":33,"column":14},"end":{"line":33,"column":19}},"loc":{"start":{"line":33,"column":14},"end":{"line":33,"column":61}}},"14":{"name":"(anonymous_14)","decl":{"start":{"line":34,"column":15},"end":{"line":34,"column":20}},"loc":{"start":{"line":34,"column":15},"end":{"line":34,"column":71}}},"15":{"name":"(anonymous_15)","decl":{"start":{"line":35,"column":16},"end":{"line":35,"column":16}},"loc":{"start":{"line":35,"column":29},"end":{"line":36,"column":82}}},"16":{"name":"(anonymous_16)","decl":{"start":{"line":37,"column":15},"end":{"line":37,"column":20}},"loc":{"start":{"line":37,"column":15},"end":{"line":37,"column":61}}},"17":{"name":"(anonymous_17)","decl":{"start":{"line":38,"column":16},"end":{"line":38,"column":16}},"loc":{"start":{"line":38,"column":27},"end":{"line":46,"column":9}}},"18":{"name":"(anonymous_18)","decl":{"start":{"line":41,"column":17},"end":{"line":41,"column":22}},"loc":{"start":{"line":41,"column":17},"end":{"line":41,"column":65}}},"19":{"name":"(anonymous_19)","decl":{"start":{"line":42,"column":19},"end":{"line":42,"column":24}},"loc":{"start":{"line":42,"column":19},"end":{"line":42,"column":79}}},"20":{"name":"(anonymous_20)","decl":{"start":{"line":43,"column":20},"end":{"line":43,"column":20}},"loc":{"start":{"line":43,"column":33},"end":{"line":43,"column":106}}},"21":{"name":"(anonymous_21)","decl":{"start":{"line":44,"column":20},"end":{"line":44,"column":25}},"loc":{"start":{"line":44,"column":20},"end":{"line":44,"column":69}}}},"branchMap":{"0":{"loc":{"start":{"line":8,"column":17},"end":{"line":8,"column":31}},"type":"if","locations":[{"start":{"line":8,"column":17},"end":{"line":8,"column":31}},{"start":{"line":8,"column":17},"end":{"line":8,"column":31}}]}},"s":{"0":3,"1":3,"2":52,"3":42,"4":3,"5":42,"6":21,"7":21,"8":1,"9":3,"10":6,"11":1,"12":10,"13":10,"14":2,"15":1,"16":1,"17":6,"18":21,"19":21,"20":1,"21":3,"22":6,"23":1,"24":10,"25":10,"26":2,"27":1,"28":1,"29":6},"f":{"0":42,"1":42,"2":21,"3":1,"4":3,"5":6,"6":1,"7":10,"8":2,"9":1,"10":1,"11":6,"12":21,"13":1,"14":3,"15":6,"16":1,"17":10,"18":2,"19":1,"20":1,"21":6},"b":{"0":[10,32]}}
,"/Users/mmdb/dev/code/src/github.com/nickmakes/mtbw/sdk/js/src/types/index.ts": {"path":"/Users/mmdb/dev/code/src/github.com/nickmakes/mtbw/sdk/js/src/types/index.ts","statementMap":{"0":{"start":{"line":1,"column":0},"end":{"line":1,"column":22}},"1":{"start":{"line":2,"column":0},"end":{"line":2,"column":23}},"2":{"start":{"line":3,"column":0},"end":{"line":3,"column":25}}},"fnMap":{},"branchMap":{},"s":{"0":3,"1":3,"2":3},"f":{},"b":{}}
}
