TN:
SF:/Users/mmdb/dev/code/src/github.com/nickmakes/mtbw/sdk/js/src/client.ts
FN:4,(anonymous_0)
FN:5,MtbwClientFactory
FN:12,(anonymous_2)
FNF:3
FNH:3
FNDA:3,(anonymous_0)
FNDA:1,MtbwClientFactory
FNDA:12,(anonymous_2)
DA:1,3
DA:2,3
DA:4,3
DA:6,1
DA:12,3
DA:13,12
DA:15,3
LF:7
LH:7
BRF:0
BRH:0
end_of_record
TN:
SF:/Users/mmdb/dev/code/src/github.com/nickmakes/mtbw/sdk/js/src/index.ts
FNF:0
FNH:0
DA:1,3
DA:2,3
LF:2
LH:2
BRF:0
BRH:0
end_of_record
TN:
SF:/Users/mmdb/dev/code/src/github.com/nickmakes/mtbw/sdk/js/src/types/api.ts
FN:8,(anonymous_0)
FN:10,(anonymous_1)
FN:11,(anonymous_2)
FN:14,(anonymous_3)
FN:15,(anonymous_4)
FN:16,(anonymous_5)
FN:18,(anonymous_6)
FN:19,(anonymous_7)
FN:22,(anonymous_8)
FN:23,(anonymous_9)
FN:24,(anonymous_10)
FN:25,(anonymous_11)
FN:30,(anonymous_12)
FN:33,(anonymous_13)
FN:34,(anonymous_14)
FN:35,(anonymous_15)
FN:37,(anonymous_16)
FN:38,(anonymous_17)
FN:41,(anonymous_18)
FN:42,(anonymous_19)
FN:43,(anonymous_20)
FN:44,(anonymous_21)
FNF:22
FNH:22
FNDA:42,(anonymous_0)
FNDA:42,(anonymous_1)
FNDA:21,(anonymous_2)
FNDA:1,(anonymous_3)
FNDA:3,(anonymous_4)
FNDA:6,(anonymous_5)
FNDA:1,(anonymous_6)
FNDA:10,(anonymous_7)
FNDA:2,(anonymous_8)
FNDA:1,(anonymous_9)
FNDA:1,(anonymous_10)
FNDA:6,(anonymous_11)
FNDA:21,(anonymous_12)
FNDA:1,(anonymous_13)
FNDA:3,(anonymous_14)
FNDA:6,(anonymous_15)
FNDA:1,(anonymous_16)
FNDA:10,(anonymous_17)
FNDA:2,(anonymous_18)
FNDA:1,(anonymous_19)
FNDA:1,(anonymous_20)
FNDA:6,(anonymous_21)
DA:1,3
DA:8,52
DA:10,42
DA:12,21
DA:13,21
DA:14,1
DA:15,3
DA:17,6
DA:18,1
DA:20,10
DA:21,10
DA:22,2
DA:23,1
DA:24,1
DA:25,6
DA:31,21
DA:32,21
DA:33,1
DA:34,3
DA:36,6
DA:37,1
DA:39,10
DA:40,10
DA:41,2
DA:42,1
DA:43,1
DA:44,6
LF:27
LH:27
BRDA:8,0,0,10
BRDA:8,0,1,32
BRF:2
BRH:2
end_of_record
TN:
SF:/Users/mmdb/dev/code/src/github.com/nickmakes/mtbw/sdk/js/src/types/index.ts
FNF:0
FNH:0
DA:1,3
DA:2,3
DA:3,3
LF:3
LH:3
BRF:0
BRH:0
end_of_record
